<?xml version="1.0" encoding="UTF-8"?>
<testng-results ignored="0" total="1" passed="1" failed="0" skipped="0">
  <reporter-output>
  </reporter-output>
  <suite started-at="2025-07-25T14:59:15 IST" name="Default suite" finished-at="2025-07-25T14:59:54 IST" duration-ms="39162">
    <groups>
    </groups>
    <test started-at="2025-07-25T14:59:15 IST" name="Default test" finished-at="2025-07-25T14:59:54 IST" duration-ms="39162">
      <class name="locatorsDemo.LinkTextndPartialLink">
        <test-method is-config="true" signature="setUp()[pri:0, instance:locatorsDemo.LinkTextndPartialLink@1fa121e2]" started-at="2025-07-25T14:59:15 IST" name="setUp" finished-at="2025-07-25T14:59:18 IST" duration-ms="3248" status="PASS">
          <reporter-output>
          </reporter-output>
        </test-method> <!-- setUp -->
        <test-method signature="linkTest()[pri:0, instance:locatorsDemo.LinkTextndPartialLink@1fa121e2]" started-at="2025-07-25T14:59:18 IST" name="linkTest" finished-at="2025-07-25T14:59:54 IST" duration-ms="35880" status="PASS">
          <reporter-output>
          </reporter-output>
        </test-method> <!-- linkTest -->
      </class> <!-- locatorsDemo.LinkTextndPartialLink -->
    </test> <!-- Default test -->
  </suite> <!-- Default suite -->
</testng-results>
